<?xml version="1.0" encoding="UTF-8"?>
<!-- Generated by org.testng.reporters.JUnitXMLReporter -->
<testsuite ignored="7" hostname="DESKTOP-GRELBTO" failures="1" tests="5" name="Test(failed)(failed)" time="0.252" errors="0" timestamp="2026-06-16T17:36:30 IST">
  <testcase classname="styudy_test_Suite.FailedTC" name="TCT" time="0.025"/>
  <testcase classname="styudy_test_Suite.FailedTC" name="TCW" time="0.007"/>
  <testcase classname="styudy_test_Suite.FailedTC" name="TCG" time="0.008"/>
  <testcase classname="styudy_test_Suite.FailedTC" name="TCQ" time="0.007">
    <failure type="java.lang.AssertionError" message="null">
      <![CDATA[java.lang.AssertionError: null
at styudy_test_Suite.FailedTC.TCQ(FailedTC.java:71)
at java.base/java.util.ArrayList.forEach(ArrayList.java:1604)
... Removed 27 stack frames]]>
    </failure>
  </testcase> <!-- TCQ -->
  <testcase classname="styudy_test_Suite.FailedTC" name="TCA" time="0.016"/>
  <testcase classname="styudy_test_Suite.FailedTC" name="TCM" time="0.0">
    <ignored/>
  </testcase> <!-- TCM -->
  <testcase classname="styudy_test_Suite.FailedTC" name="TCB" time="0.0">
    <ignored/>
  </testcase> <!-- TCB -->
  <testcase classname="styudy_test_Suite.FailedTC" name="TCK" time="0.0">
    <ignored/>
  </testcase> <!-- TCK -->
  <testcase classname="styudy_test_Suite.FailedTC" name="TCE" time="0.0">
    <ignored/>
  </testcase> <!-- TCE -->
  <testcase classname="styudy_test_Suite.FailedTC" name="TCF" time="0.0">
    <ignored/>
  </testcase> <!-- TCF -->
  <testcase classname="styudy_test_Suite.FailedTC" name="TCC" time="0.0">
    <ignored/>
  </testcase> <!-- TCC -->
  <testcase classname="styudy_test_Suite.FailedTC" name="TCD" time="0.0">
    <ignored/>
  </testcase> <!-- TCD -->
</testsuite> <!-- Test(failed)(failed) -->
