<?xml version="1.0" encoding="UTF-8"?>
<!-- Generated by org.testng.reporters.JUnitXMLReporter -->
<testsuite ignored="0" hostname="DESKTOP-GRELBTO" failures="1" tests="1" name="Test3" time="191.846" errors="0" timestamp="2026-06-16T17:46:16 IST">
  <testcase classname="Parallel_Serial_Execution_With_TestNg.Test3" name="TestCase3" time="191.688">
    <failure type="org.openqa.selenium.TimeoutException" message="java.util.concurrent.TimeoutException
Build info: version: &amp;apos;4.39.0&amp;apos;, revision: &amp;apos;126f156aee&amp;apos;
System info: os.name: &amp;apos;Windows 10&amp;apos;, os.arch: &amp;apos;amd64&amp;apos;, os.version: &amp;apos;10.0&amp;apos;, java.version: &amp;apos;25.0.3&amp;apos;
Driver info: org.openqa.selenium.ie.InternetExplorerDriver
Command: [37844d1e-9587-416c-bd00-98ae2df90505, get {url=https://www.youtube.com/}]
Capabilities {acceptInsecureCerts: false, browserName: internet explorer, browserVersion: 11, pageLoadStrategy: normal, platformName: windows, proxy: Proxy(), se:ieOptions: {browserAttachTimeout: 0, elementScrollBehavior: 0, enablePersistentHover: true, ie.browserCommandLineSwitches: , ie.edgechromium: false, ie.edgepath: , ie.ensureCleanSession: false, ie.fileUploadDialogTimeout: 3000, ie.forceCreateProcessApi: false, ie.ignoreprocessmatch: false, ignoreProtectedModeSettings: false, ignoreZoomSetting: true, initialBrowserUrl: http://localhost:48373/, nativeEvents: true, requireWindowFocus: false}, setWindowRect: true, strictFileInteractability: false, timeouts: {implicit: 0, pageLoad: 300000, script: 30000}, unhandledPromptBehavior: dismiss and notify}
Session ID: 37844d1e-9587-416c-bd00-98ae2df90505">
      <![CDATA[org.openqa.selenium.TimeoutException: java.util.concurrent.TimeoutException
Build info: version: '4.39.0', revision: '126f156aee'
System info: os.name: 'Windows 10', os.arch: 'amd64', os.version: '10.0', java.version: '25.0.3'
Driver info: org.openqa.selenium.ie.InternetExplorerDriver
Command: [37844d1e-9587-416c-bd00-98ae2df90505, get {url=https://www.youtube.com/}]
Capabilities {acceptInsecureCerts: false, browserName: internet explorer, browserVersion: 11, pageLoadStrategy: normal, platformName: windows, proxy: Proxy(), se:ieOptions: {browserAttachTimeout: 0, elementScrollBehavior: 0, enablePersistentHover: true, ie.browserCommandLineSwitches: , ie.edgechromium: false, ie.edgepath: , ie.ensureCleanSession: false, ie.fileUploadDialogTimeout: 3000, ie.forceCreateProcessApi: false, ie.ignoreprocessmatch: false, ignoreProtectedModeSettings: false, ignoreZoomSetting: true, initialBrowserUrl: http://localhost:48373/, nativeEvents: true, requireWindowFocus: false}, setWindowRect: true, strictFileInteractability: false, timeouts: {implicit: 0, pageLoad: 300000, script: 30000}, unhandledPromptBehavior: dismiss and notify}
Session ID: 37844d1e-9587-416c-bd00-98ae2df90505
at org.openqa.selenium.remote.http.jdk.JdkHttpClient.execute(JdkHttpClient.java:428)
at org.openqa.selenium.remote.HttpCommandExecutor.execute(HttpCommandExecutor.java:212)
at org.openqa.selenium.remote.service.DriverCommandExecutor.invokeExecute(DriverCommandExecutor.java:216)
at org.openqa.selenium.remote.service.DriverCommandExecutor.execute(DriverCommandExecutor.java:174)
at org.openqa.selenium.remote.RemoteWebDriver.execute(RemoteWebDriver.java:561)
at org.openqa.selenium.remote.RemoteWebDriver.get(RemoteWebDriver.java:329)
at Parallel_Serial_Execution_With_TestNg.Test3.TestCase3(Test3.java:17)
at java.base/java.util.ArrayList.forEach(ArrayList.java:1604)
at java.base/java.util.concurrent.FutureTask.run(FutureTask.java:328)
at java.base/java.util.concurrent.ThreadPoolExecutor.runWorker(ThreadPoolExecutor.java:1090)
at java.base/java.util.concurrent.ThreadPoolExecutor$Worker.run(ThreadPoolExecutor.java:614)
at java.base/java.lang.Thread.run(Thread.java:1474)
Caused by: java.util.concurrent.TimeoutException
at java.base/java.util.concurrent.CompletableFuture$Timeout.run(CompletableFuture.java:2828)
at java.base/java.util.concurrent.DelayScheduler$ScheduledForkJoinTask.compute(DelayScheduler.java:543)
at java.base/java.util.concurrent.ForkJoinTask$InterruptibleTask.exec(ForkJoinTask.java:1659)
at java.base/java.util.concurrent.ForkJoinTask.doExec(ForkJoinTask.java:511)
at java.base/java.util.concurrent.DelayScheduler.loop(DelayScheduler.java:325)
at java.base/java.util.concurrent.DelayScheduler.run(DelayScheduler.java:221)
... Removed 15 stack frames]]>
    </failure>
  </testcase> <!-- TestCase3 -->
</testsuite> <!-- Test3 -->
