<?xml version="1.0" encoding="UTF-8"?>
<!-- Generated by org.testng.reporters.JUnitXMLReporter -->
<testsuite ignored="0" hostname="DESKTOP-GRELBTO" failures="5" tests="12" name="Test" time="0.303" errors="0" timestamp="2026-06-16T17:33:57 IST">
  <testcase classname="styudy_test_Suite.FailedTC" name="TCA" time="0.027">
    <failure type="java.lang.AssertionError" message="null">
      <![CDATA[java.lang.AssertionError: null
at styudy_test_Suite.FailedTC.TCA(FailedTC.java:28)
at java.base/java.util.ArrayList.forEach(ArrayList.java:1604)
... Removed 27 stack frames]]>
    </failure>
  </testcase> <!-- TCA -->
  <testcase classname="styudy_test_Suite.FailedTC" name="TCB" time="0.01"/>
  <testcase classname="styudy_test_Suite.FailedTC" name="TCC" time="0.005"/>
  <testcase classname="styudy_test_Suite.FailedTC" name="TCD" time="0.003"/>
  <testcase classname="styudy_test_Suite.FailedTC" name="TCE" time="0.008"/>
  <testcase classname="styudy_test_Suite.FailedTC" name="TCF" time="0.007"/>
  <testcase classname="styudy_test_Suite.FailedTC" name="TCG" time="0.003">
    <failure type="java.lang.AssertionError" message="null">
      <![CDATA[java.lang.AssertionError: null
at styudy_test_Suite.FailedTC.TCG(FailedTC.java:49)
at java.base/java.util.ArrayList.forEach(ArrayList.java:1604)
... Removed 27 stack frames]]>
    </failure>
  </testcase> <!-- TCG -->
  <testcase classname="styudy_test_Suite.FailedTC" name="TCK" time="0.007"/>
  <testcase classname="styudy_test_Suite.FailedTC" name="TCM" time="0.007"/>
  <testcase classname="styudy_test_Suite.FailedTC" name="TCQ" time="0.005">
    <failure type="java.lang.AssertionError" message="null">
      <![CDATA[java.lang.AssertionError: null
at styudy_test_Suite.FailedTC.TCQ(FailedTC.java:71)
at java.base/java.util.ArrayList.forEach(ArrayList.java:1604)
... Removed 27 stack frames]]>
    </failure>
  </testcase> <!-- TCQ -->
  <testcase classname="styudy_test_Suite.FailedTC" name="TCT" time="0.004">
    <failure type="java.lang.AssertionError" message="null">
      <![CDATA[java.lang.AssertionError: null
at styudy_test_Suite.FailedTC.TCT(FailedTC.java:60)
at java.base/java.util.ArrayList.forEach(ArrayList.java:1604)
... Removed 27 stack frames]]>
    </failure>
  </testcase> <!-- TCT -->
  <testcase classname="styudy_test_Suite.FailedTC" name="TCW" time="0.01">
    <failure type="java.lang.AssertionError" message="null">
      <![CDATA[java.lang.AssertionError: null
at styudy_test_Suite.FailedTC.TCW(FailedTC.java:43)
at java.base/java.util.ArrayList.forEach(ArrayList.java:1604)
... Removed 27 stack frames]]>
    </failure>
  </testcase> <!-- TCW -->
</testsuite> <!-- Test -->
