<?xml version="1.0" encoding="UTF-8"?>
<!-- Generated by org.testng.reporters.JUnitXMLReporter -->
<testsuite ignored="6" hostname="DESKTOP-GRELBTO" failures="0" tests="6" name="Test1" time="0.18" errors="0" timestamp="2026-06-16T17:23:53 IST">
  <testcase classname="styudy_test_Suite.SuiteKeyWords" name="TCB" time="0.019"/>
  <testcase classname="styudy_test_Suite.SuiteKeyWords" name="TCE" time="0.007"/>
  <testcase classname="styudy_test_Suite.SuiteKeyWords" name="TCD" time="0.005"/>
  <testcase classname="styudy_test_Suite.SuiteKeyWords2" name="TCG" time="0.002"/>
  <testcase classname="styudy_test_Suite.SuiteKeyWords2" name="TCM" time="0.006"/>
  <testcase classname="styudy_test_Suite.SuiteKeyWords2" name="TCT" time="0.008"/>
  <testcase classname="styudy_test_Suite.SuiteKeyWords2" name="TCW" time="0.0">
    <ignored/>
  </testcase> <!-- TCW -->
  <testcase classname="styudy_test_Suite.SuiteKeyWords" name="TCF" time="0.0">
    <ignored/>
  </testcase> <!-- TCF -->
  <testcase classname="styudy_test_Suite.SuiteKeyWords" name="TCC" time="0.0">
    <ignored/>
  </testcase> <!-- TCC -->
  <testcase classname="styudy_test_Suite.SuiteKeyWords2" name="TCQ" time="0.0">
    <ignored/>
  </testcase> <!-- TCQ -->
  <testcase classname="styudy_test_Suite.SuiteKeyWords" name="TCA" time="0.0">
    <ignored/>
  </testcase> <!-- TCA -->
  <testcase classname="styudy_test_Suite.SuiteKeyWords2" name="TCK" time="0.0">
    <ignored/>
  </testcase> <!-- TCK -->
</testsuite> <!-- Test1 -->
