<?xml version="1.0" encoding="UTF-8"?>
<testng-results ignored="0" total="6" passed="5" failed="1" skipped="0">
  <reporter-output>
    <line>
      <![CDATA[TC A is Running]]>
    </line>
    <line>
      <![CDATA[TC B is Running]]>
    </line>
    <line>
      <![CDATA[TC C is Running]]>
    </line>
    <line>
      <![CDATA[TC D is Running]]>
    </line>
    <line>
      <![CDATA[TC F is Running]]>
    </line>
  </reporter-output>
  <suite started-at="2026-07-01T17:52:02 IST" name="Default suite" finished-at="2026-07-01T17:52:02 IST" duration-ms="222">
    <groups>
    </groups>
    <test started-at="2026-07-01T17:52:02 IST" name="Default test" finished-at="2026-07-01T17:52:02 IST" duration-ms="222">
      <class name="study_TestNG_Annotations.MulTipleTC">
        <test-method signature="TCA()[pri:0, instance:study_TestNG_Annotations.MulTipleTC@71809907]" started-at="2026-07-01T17:52:02 IST" name="TCA" finished-at="2026-07-01T17:52:02 IST" duration-ms="34" status="PASS">
          <reporter-output>
            <line>
              <![CDATA[TC A is Running]]>
            </line>
          </reporter-output>
        </test-method> <!-- TCA -->
        <test-method signature="TCB()[pri:0, instance:study_TestNG_Annotations.MulTipleTC@71809907]" started-at="2026-07-01T17:52:02 IST" name="TCB" finished-at="2026-07-01T17:52:02 IST" duration-ms="7" status="PASS">
          <reporter-output>
            <line>
              <![CDATA[TC B is Running]]>
            </line>
          </reporter-output>
        </test-method> <!-- TCB -->
        <test-method signature="TCC()[pri:0, instance:study_TestNG_Annotations.MulTipleTC@71809907]" started-at="2026-07-01T17:52:02 IST" name="TCC" finished-at="2026-07-01T17:52:02 IST" duration-ms="3" status="PASS">
          <reporter-output>
            <line>
              <![CDATA[TC C is Running]]>
            </line>
          </reporter-output>
        </test-method> <!-- TCC -->
        <test-method signature="TCD()[pri:0, instance:study_TestNG_Annotations.MulTipleTC@71809907]" started-at="2026-07-01T17:52:02 IST" name="TCD" finished-at="2026-07-01T17:52:02 IST" duration-ms="21" status="PASS">
          <reporter-output>
            <line>
              <![CDATA[TC D is Running]]>
            </line>
          </reporter-output>
        </test-method> <!-- TCD -->
        <test-method signature="TCE()[pri:0, instance:study_TestNG_Annotations.MulTipleTC@71809907]" started-at="2026-07-01T17:52:02 IST" name="TCE" finished-at="2026-07-01T17:52:02 IST" duration-ms="9" status="FAIL">
          <exception class="java.lang.AssertionError">
            <message>
              <![CDATA[null]]>
            </message>
            <full-stacktrace>
              <![CDATA[java.lang.AssertionError: null
at org.testng.Assert.fail(Assert.java:111)
at org.testng.Assert.fail(Assert.java:116)
at study_TestNG_Annotations.MulTipleTC.TCE(MulTipleTC.java:30)
at java.base/jdk.internal.reflect.DirectMethodHandleAccessor.invoke(DirectMethodHandleAccessor.java:104)
at java.base/java.lang.reflect.Method.invoke(Method.java:565)
at org.testng.internal.invokers.MethodInvocationHelper.invokeMethod(MethodInvocationHelper.java:141)
at org.testng.internal.invokers.TestInvoker.invokeMethod(TestInvoker.java:687)
at org.testng.internal.invokers.TestInvoker.invokeTestMethod(TestInvoker.java:230)
at org.testng.internal.invokers.MethodRunner.runInSequence(MethodRunner.java:63)
at org.testng.internal.invokers.TestInvoker$MethodInvocationAgent.invoke(TestInvoker.java:995)
at org.testng.internal.invokers.TestInvoker.invokeTestMethods(TestInvoker.java:203)
at org.testng.internal.invokers.TestMethodWorker.invokeTestMethods(TestMethodWorker.java:154)
at org.testng.internal.invokers.TestMethodWorker.run(TestMethodWorker.java:134)
at java.base/java.util.ArrayList.forEach(ArrayList.java:1604)
at org.testng.TestRunner.privateRun(TestRunner.java:741)
at org.testng.TestRunner.run(TestRunner.java:616)
at org.testng.SuiteRunner.runTest(SuiteRunner.java:421)
at org.testng.SuiteRunner.runSequentially(SuiteRunner.java:413)
at org.testng.SuiteRunner.privateRun(SuiteRunner.java:373)
at org.testng.SuiteRunner.run(SuiteRunner.java:312)
at org.testng.SuiteRunnerWorker.runSuite(SuiteRunnerWorker.java:52)
at org.testng.SuiteRunnerWorker.run(SuiteRunnerWorker.java:95)
at org.testng.TestNG.runSuitesSequentially(TestNG.java:1274)
at org.testng.TestNG.runSuitesLocally(TestNG.java:1208)
at org.testng.TestNG.runSuites(TestNG.java:1112)
at org.testng.TestNG.run(TestNG.java:1079)
at org.testng.remote.AbstractRemoteTestNG.run(AbstractRemoteTestNG.java:115)
at org.testng.remote.RemoteTestNG.initAndRun(RemoteTestNG.java:293)
at org.testng.remote.RemoteTestNG.main(RemoteTestNG.java:91)
]]>
            </full-stacktrace>
          </exception> <!-- java.lang.AssertionError -->
          <reporter-output>
          </reporter-output>
        </test-method> <!-- TCE -->
        <test-method signature="TCF()[pri:0, instance:study_TestNG_Annotations.MulTipleTC@71809907]" started-at="2026-07-01T17:52:02 IST" name="TCF" finished-at="2026-07-01T17:52:02 IST" duration-ms="10" status="PASS">
          <reporter-output>
            <line>
              <![CDATA[TC F is Running]]>
            </line>
          </reporter-output>
        </test-method> <!-- TCF -->
      </class> <!-- study_TestNG_Annotations.MulTipleTC -->
    </test> <!-- Default test -->
  </suite> <!-- Default suite -->
</testng-results>
