<?xml version="1.0" encoding="UTF-8"?>
<!-- Generated by org.testng.reporters.JUnitReportReporter -->
<testsuite hostname="DESKTOP-GRELBTO" failures="1" tests="2" name="study_TestNG_Assertions.SoFtAssert" time="0.041" errors="0" timestamp="2026-06-20T10:02:25 IST" skipped="0">
  <testcase classname="study_TestNG_Assertions.SoFtAssert" name="Test1" time="0.036">
    <failure message="The following asserts failed:
	did not expect [100] but found [100]" type="java.lang.AssertionError">
      <![CDATA[java.lang.AssertionError: The following asserts failed:
did not expect [100] but found [100]
at org.testng.asserts.SoftAssert.assertAll(SoftAssert.java:46)
at org.testng.asserts.SoftAssert.assertAll(SoftAssert.java:30)
at study_TestNG_Assertions.SoFtAssert.Test1(SoFtAssert.java:48)
at java.base/jdk.internal.reflect.DirectMethodHandleAccessor.invoke(DirectMethodHandleAccessor.java:104)
at java.base/java.lang.reflect.Method.invoke(Method.java:565)
at org.testng.internal.invokers.MethodInvocationHelper.invokeMethod(MethodInvocationHelper.java:141)
at org.testng.internal.invokers.TestInvoker.invokeMethod(TestInvoker.java:687)
at org.testng.internal.invokers.TestInvoker.invokeTestMethod(TestInvoker.java:230)
at org.testng.internal.invokers.MethodRunner.runInSequence(MethodRunner.java:63)
at org.testng.internal.invokers.TestInvoker$MethodInvocationAgent.invoke(TestInvoker.java:995)
at org.testng.internal.invokers.TestInvoker.invokeTestMethods(TestInvoker.java:203)
at org.testng.internal.invokers.TestMethodWorker.invokeTestMethods(TestMethodWorker.java:154)
at org.testng.internal.invokers.TestMethodWorker.run(TestMethodWorker.java:134)
at java.base/java.util.ArrayList.forEach(ArrayList.java:1604)
at org.testng.TestRunner.privateRun(TestRunner.java:741)
at org.testng.TestRunner.run(TestRunner.java:616)
at org.testng.SuiteRunner.runTest(SuiteRunner.java:421)
at org.testng.SuiteRunner.runSequentially(SuiteRunner.java:413)
at org.testng.SuiteRunner.privateRun(SuiteRunner.java:373)
at org.testng.SuiteRunner.run(SuiteRunner.java:312)
at org.testng.SuiteRunnerWorker.runSuite(SuiteRunnerWorker.java:52)
at org.testng.SuiteRunnerWorker.run(SuiteRunnerWorker.java:95)
at org.testng.TestNG.runSuitesSequentially(TestNG.java:1274)
at org.testng.TestNG.runSuitesLocally(TestNG.java:1208)
at org.testng.TestNG.runSuites(TestNG.java:1112)
at org.testng.TestNG.run(TestNG.java:1079)
at org.testng.remote.AbstractRemoteTestNG.run(AbstractRemoteTestNG.java:115)
at org.testng.remote.RemoteTestNG.initAndRun(RemoteTestNG.java:293)
at org.testng.remote.RemoteTestNG.main(RemoteTestNG.java:91)
]]>
    </failure>
    <system-out>
      <![CDATA[Ver 1 is Running
Ver 2 is Running 
Ver 3 is Running
Ver 4 is Running
Ver 5 is running
Ver 6 is running]]>
    </system-out>
  </testcase> <!-- Test1 -->
  <testcase classname="study_TestNG_Assertions.SoFtAssert" name="Test2" time="0.005">
    <system-out>
      <![CDATA[Ver 7 is Running
Ver 8 is Running
Ver 9 is running
Ver 10 is running]]>
    </system-out>
  </testcase> <!-- Test2 -->
  <system-out>
    <![CDATA[Ver 1 is Running
Ver 2 is Running 
Ver 3 is Running
Ver 4 is Running
Ver 5 is running
Ver 6 is running
Ver 7 is Running
Ver 8 is Running
Ver 9 is running
Ver 10 is running]]>
  </system-out>
</testsuite> <!-- study_TestNG_Assertions.SoFtAssert -->
