<?xml version="1.0" encoding="UTF-8"?>
<!-- Generated by org.testng.reporters.JUnitReportReporter -->
<testsuite hostname="DESKTOP-GRELBTO" failures="0" tests="9" name="study_TestNG_Keywords.InvocationCountStudy" time="0.082" errors="0" timestamp="2026-06-16T16:22:02 IST" skipped="0">
  <testcase classname="study_TestNG_Keywords.InvocationCountStudy" name="TCA" time="0.031">
    <system-out>
      <![CDATA[TC A is Running]]>
    </system-out>
  </testcase> <!-- TCA -->
  <testcase classname="study_TestNG_Keywords.InvocationCountStudy" name="TCC" time="0.006">
    <system-out>
      <![CDATA[TC C is Running]]>
    </system-out>
  </testcase> <!-- TCC -->
  <testcase classname="study_TestNG_Keywords.InvocationCountStudy" name="TCD" time="0.004">
    <system-out>
      <![CDATA[TC D is Running]]>
    </system-out>
  </testcase> <!-- TCD -->
  <testcase classname="study_TestNG_Keywords.InvocationCountStudy" name="TCB" time="0.012">
    <system-out>
      <![CDATA[TC B is Running]]>
    </system-out>
  </testcase> <!-- TCB -->
  <testcase classname="study_TestNG_Keywords.InvocationCountStudy" name="TCB" time="0.007">
    <system-out>
      <![CDATA[TC B is Running]]>
    </system-out>
  </testcase> <!-- TCB -->
  <testcase classname="study_TestNG_Keywords.InvocationCountStudy" name="TCE" time="0.004">
    <system-out>
      <![CDATA[TC E is Running]]>
    </system-out>
  </testcase> <!-- TCE -->
  <testcase classname="study_TestNG_Keywords.InvocationCountStudy" name="TCB" time="0.009">
    <system-out>
      <![CDATA[TC B is Running]]>
    </system-out>
  </testcase> <!-- TCB -->
  <testcase classname="study_TestNG_Keywords.InvocationCountStudy" name="TCB" time="0.005">
    <system-out>
      <![CDATA[TC B is Running]]>
    </system-out>
  </testcase> <!-- TCB -->
  <testcase classname="study_TestNG_Keywords.InvocationCountStudy" name="TCF" time="0.004">
    <system-out>
      <![CDATA[TC F is Running]]>
    </system-out>
  </testcase> <!-- TCF -->
  <system-out>
    <![CDATA[TC A is Running
TC B is Running
TC B is Running
TC B is Running
TC B is Running
TC C is Running
TC D is Running
TC E is Running
TC F is Running]]>
  </system-out>
</testsuite> <!-- study_TestNG_Keywords.InvocationCountStudy -->
