<?xml version="1.0" encoding="UTF-8"?>
<!-- Generated by org.testng.reporters.JUnitReportReporter -->
<testsuite hostname="DESKTOP-GRELBTO" failures="1" tests="6" name="study_TestNG_Annotations.MulTipleTC" time="0.084" errors="0" timestamp="2026-07-01T17:52:02 IST" skipped="0">
  <testcase classname="study_TestNG_Annotations.MulTipleTC" name="TCA" time="0.034">
    <system-out>
      <![CDATA[TC A is Running]]>
    </system-out>
  </testcase> <!-- TCA -->
  <testcase classname="study_TestNG_Annotations.MulTipleTC" name="TCE" time="0.009">
    <failure message="null" type="java.lang.AssertionError">
      <![CDATA[java.lang.AssertionError: null
at org.testng.Assert.fail(Assert.java:111)
at org.testng.Assert.fail(Assert.java:116)
at study_TestNG_Annotations.MulTipleTC.TCE(MulTipleTC.java:30)
at java.base/jdk.internal.reflect.DirectMethodHandleAccessor.invoke(DirectMethodHandleAccessor.java:104)
at java.base/java.lang.reflect.Method.invoke(Method.java:565)
at org.testng.internal.invokers.MethodInvocationHelper.invokeMethod(MethodInvocationHelper.java:141)
at org.testng.internal.invokers.TestInvoker.invokeMethod(TestInvoker.java:687)
at org.testng.internal.invokers.TestInvoker.invokeTestMethod(TestInvoker.java:230)
at org.testng.internal.invokers.MethodRunner.runInSequence(MethodRunner.java:63)
at org.testng.internal.invokers.TestInvoker$MethodInvocationAgent.invoke(TestInvoker.java:995)
at org.testng.internal.invokers.TestInvoker.invokeTestMethods(TestInvoker.java:203)
at org.testng.internal.invokers.TestMethodWorker.invokeTestMethods(TestMethodWorker.java:154)
at org.testng.internal.invokers.TestMethodWorker.run(TestMethodWorker.java:134)
at java.base/java.util.ArrayList.forEach(ArrayList.java:1604)
at org.testng.TestRunner.privateRun(TestRunner.java:741)
at org.testng.TestRunner.run(TestRunner.java:616)
at org.testng.SuiteRunner.runTest(SuiteRunner.java:421)
at org.testng.SuiteRunner.runSequentially(SuiteRunner.java:413)
at org.testng.SuiteRunner.privateRun(SuiteRunner.java:373)
at org.testng.SuiteRunner.run(SuiteRunner.java:312)
at org.testng.SuiteRunnerWorker.runSuite(SuiteRunnerWorker.java:52)
at org.testng.SuiteRunnerWorker.run(SuiteRunnerWorker.java:95)
at org.testng.TestNG.runSuitesSequentially(TestNG.java:1274)
at org.testng.TestNG.runSuitesLocally(TestNG.java:1208)
at org.testng.TestNG.runSuites(TestNG.java:1112)
at org.testng.TestNG.run(TestNG.java:1079)
at org.testng.remote.AbstractRemoteTestNG.run(AbstractRemoteTestNG.java:115)
at org.testng.remote.RemoteTestNG.initAndRun(RemoteTestNG.java:293)
at org.testng.remote.RemoteTestNG.main(RemoteTestNG.java:91)
]]>
    </failure>
  </testcase> <!-- TCE -->
  <testcase classname="study_TestNG_Annotations.MulTipleTC" name="TCD" time="0.021">
    <system-out>
      <![CDATA[TC D is Running]]>
    </system-out>
  </testcase> <!-- TCD -->
  <testcase classname="study_TestNG_Annotations.MulTipleTC" name="TCB" time="0.007">
    <system-out>
      <![CDATA[TC B is Running]]>
    </system-out>
  </testcase> <!-- TCB -->
  <testcase classname="study_TestNG_Annotations.MulTipleTC" name="TCC" time="0.003">
    <system-out>
      <![CDATA[TC C is Running]]>
    </system-out>
  </testcase> <!-- TCC -->
  <testcase classname="study_TestNG_Annotations.MulTipleTC" name="TCF" time="0.010">
    <system-out>
      <![CDATA[TC F is Running]]>
    </system-out>
  </testcase> <!-- TCF -->
  <system-out>
    <![CDATA[TC A is Running
TC B is Running
TC C is Running
TC D is Running
TC F is Running]]>
  </system-out>
</testsuite> <!-- study_TestNG_Annotations.MulTipleTC -->
