<?xml version="1.0" encoding="UTF-8"?>
<!-- Generated by org.testng.reporters.JUnitReportReporter -->
<testsuite hostname="DESKTOP-GRELBTO" failures="0" tests="6" name="study_TestNG_Keywords.TimeOutStudy" time="0.064" errors="1" timestamp="2026-06-16T16:31:33 IST" skipped="0">
  <testcase classname="study_TestNG_Keywords.TimeOutStudy" name="TCF" time="0.004">
    <system-out>
      <![CDATA[TC F is Running]]>
    </system-out>
  </testcase> <!-- TCF -->
  <testcase classname="study_TestNG_Keywords.TimeOutStudy" name="TCA" time="0.027">
    <system-out>
      <![CDATA[TC A is Running]]>
    </system-out>
  </testcase> <!-- TCA -->
  <testcase classname="study_TestNG_Keywords.TimeOutStudy" name="TCD" time="0.019">
    <error message="Method study_TestNG_Keywords.TimeOutStudy.TCD() didn&#039;t finish within the time-out 3" type="org.testng.internal.thread.ThreadTimeoutException">
      <![CDATA[org.testng.internal.thread.ThreadTimeoutException: Method study_TestNG_Keywords.TimeOutStudy.TCD() didn't finish within the time-out 3
at java.base/java.lang.Thread.sleepNanos0(Native Method)
at java.base/java.lang.Thread.sleepNanos(Thread.java:509)
at java.base/java.lang.Thread.sleep(Thread.java:540)
at study_TestNG_Keywords.TimeOutStudy.TCD(TimeOutStudy.java:17)
at java.base/jdk.internal.reflect.DirectMethodHandleAccessor.invoke(DirectMethodHandleAccessor.java:104)
at java.base/java.lang.reflect.Method.invoke(Method.java:565)
at org.testng.internal.invokers.MethodInvocationHelper.invokeMethod(MethodInvocationHelper.java:141)
at org.testng.internal.invokers.InvokeMethodRunnable.runOne(InvokeMethodRunnable.java:47)
at org.testng.internal.invokers.InvokeMethodRunnable.call(InvokeMethodRunnable.java:76)
at org.testng.internal.invokers.InvokeMethodRunnable.call(InvokeMethodRunnable.java:11)
at java.base/java.util.concurrent.FutureTask.run(FutureTask.java:328)
at java.base/java.util.concurrent.ThreadPoolExecutor.runWorker(ThreadPoolExecutor.java:1090)
at java.base/java.util.concurrent.ThreadPoolExecutor$Worker.run(ThreadPoolExecutor.java:614)
at java.base/java.lang.Thread.run(Thread.java:1474)
]]>
    </error>
  </testcase> <!-- TCD -->
  <testcase classname="study_TestNG_Keywords.TimeOutStudy" name="TCE" time="0.005">
    <system-out>
      <![CDATA[TC E is Running]]>
    </system-out>
  </testcase> <!-- TCE -->
  <testcase classname="study_TestNG_Keywords.TimeOutStudy" name="TCC" time="0.005">
    <system-out>
      <![CDATA[TC C is Running]]>
    </system-out>
  </testcase> <!-- TCC -->
  <testcase classname="study_TestNG_Keywords.TimeOutStudy" name="TCB" time="0.004">
    <system-out>
      <![CDATA[TC B is Running]]>
    </system-out>
  </testcase> <!-- TCB -->
  <system-out>
    <![CDATA[TC A is Running
TC B is Running
TC C is Running
TC E is Running
TC F is Running]]>
  </system-out>
</testsuite> <!-- study_TestNG_Keywords.TimeOutStudy -->
