<?xml version="1.0" encoding="UTF-8"?>
<!-- Generated by org.testng.reporters.JUnitReportReporter -->
<testsuite hostname="DESKTOP-GRELBTO" failures="0" tests="1" name="study_TestNG.Test2" time="0.039" errors="0" timestamp="2026-06-12T17:06:46 IST" skipped="0">
  <testcase classname="study_TestNG.Test2" name="TestCase1" time="0.039">
    <system-out>
      <![CDATA[Hii < Tc is Failed]]>
    </system-out>
  </testcase> <!-- TestCase1 -->
  <system-out>
    <![CDATA[Hii < Tc is Failed]]>
  </system-out>
</testsuite> <!-- study_TestNG.Test2 -->
