<?xml version="1.0" encoding="UTF-8"?>
<!-- Generated by org.testng.reporters.JUnitReportReporter -->
<testsuite hostname="DESKTOP-GRELBTO" failures="0" tests="1" name="styudy_test_Suite.FailedTC" time="0.027" errors="0" timestamp="2026-06-16T17:37:08 IST" skipped="0">
  <testcase classname="styudy_test_Suite.FailedTC" name="TCQ" time="0.027">
    <system-out>
      <![CDATA[TC Q is Running]]>
    </system-out>
  </testcase> <!-- TCQ -->
  <system-out>
    <![CDATA[TC Q is Running]]>
  </system-out>
</testsuite> <!-- styudy_test_Suite.FailedTC -->
