<?xml version="1.0" encoding="UTF-8"?>
<!-- Generated by org.testng.reporters.JUnitReportReporter -->
<testsuite hostname="DESKTOP-GRELBTO" failures="0" tests="1" name="styudy_test_Suite.SuiteKeyWords2" time="0.014" errors="0" timestamp="2026-06-16T17:31:37 IST" skipped="0">
  <testcase classname="styudy_test_Suite.SuiteKeyWords2" name="TCM" time="0.014">
    <system-out>
      <![CDATA[TC M is Running]]>
    </system-out>
  </testcase> <!-- TCM -->
  <system-out>
    <![CDATA[TC E is Running
TC M is Running]]>
  </system-out>
</testsuite> <!-- styudy_test_Suite.SuiteKeyWords2 -->
