<?xml version="1.0" encoding="UTF-8"?>
<!-- Generated by org.testng.reporters.JUnitReportReporter -->
<testsuite hostname="DESKTOP-GRELBTO" failures="0" tests="6" name="study_TestNG_Keywords.PriorityStudy" time="0.051" errors="0" timestamp="2026-06-16T16:27:29 IST" skipped="0">
  <testcase classname="study_TestNG_Keywords.PriorityStudy" name="TCF" time="0.021">
    <system-out>
      <![CDATA[TC F is Running]]>
    </system-out>
  </testcase> <!-- TCF -->
  <testcase classname="study_TestNG_Keywords.PriorityStudy" name="TCC" time="0.005">
    <system-out>
      <![CDATA[TC C is Running]]>
    </system-out>
  </testcase> <!-- TCC -->
  <testcase classname="study_TestNG_Keywords.PriorityStudy" name="TCE" time="0.005">
    <system-out>
      <![CDATA[TC E is Running]]>
    </system-out>
  </testcase> <!-- TCE -->
  <testcase classname="study_TestNG_Keywords.PriorityStudy" name="TCD" time="0.003">
    <system-out>
      <![CDATA[TC D is Running]]>
    </system-out>
  </testcase> <!-- TCD -->
  <testcase classname="study_TestNG_Keywords.PriorityStudy" name="TCB" time="0.010">
    <system-out>
      <![CDATA[TC B is Running]]>
    </system-out>
  </testcase> <!-- TCB -->
  <testcase classname="study_TestNG_Keywords.PriorityStudy" name="TCA" time="0.007">
    <system-out>
      <![CDATA[TC A is Running]]>
    </system-out>
  </testcase> <!-- TCA -->
  <system-out>
    <![CDATA[TC F is Running
TC C is Running
TC E is Running
TC D is Running
TC B is Running
TC A is Running]]>
  </system-out>
</testsuite> <!-- study_TestNG_Keywords.PriorityStudy -->
