<?xml version="1.0" encoding="UTF-8"?>
<!-- Generated by org.testng.reporters.JUnitReportReporter -->
<testsuite hostname="DESKTOP-GRELBTO" failures="0" tests="1" name="styudy_test_Suite.SuiteKeyWords" time="0.035" errors="0" timestamp="2026-06-16T17:31:36 IST" skipped="0">
  <testcase classname="styudy_test_Suite.SuiteKeyWords" name="TCE" time="0.035">
    <system-out>
      <![CDATA[TC E is Running]]>
    </system-out>
  </testcase> <!-- TCE -->
  <system-out>
    <![CDATA[TC E is Running
TC M is Running]]>
  </system-out>
</testsuite> <!-- styudy_test_Suite.SuiteKeyWords -->
