<?xml version="1.0" encoding="UTF-8"?>
<!-- Generated by org.testng.reporters.JUnitReportReporter -->
<testsuite hostname="DESKTOP-GRELBTO" failures="0" tests="6" name="study_TestNG_Keywords.Enabled_Study" time="0.042" errors="0" timestamp="2026-06-16T16:29:25 IST" skipped="1">
  <testcase classname="study_TestNG_Keywords.Enabled_Study" name="TCA" time="0.019">
    <system-out>
      <![CDATA[TC A is Running]]>
    </system-out>
  </testcase> <!-- TCA -->
  <testcase classname="study_TestNG_Keywords.Enabled_Study" name="TCE" time="0.004">
    <system-out>
      <![CDATA[TC E is Running]]>
    </system-out>
  </testcase> <!-- TCE -->
  <testcase classname="study_TestNG_Keywords.Enabled_Study" name="TCC" time="0.007">
    <system-out>
      <![CDATA[TC C is Running]]>
    </system-out>
  </testcase> <!-- TCC -->
  <testcase classname="study_TestNG_Keywords.Enabled_Study" name="TCF" time="0.008">
    <system-out>
      <![CDATA[TC F is Running]]>
    </system-out>
  </testcase> <!-- TCF -->
  <testcase classname="study_TestNG_Keywords.Enabled_Study" name="TCD" time="0.004">
    <system-out>
      <![CDATA[TC D is Running]]>
    </system-out>
  </testcase> <!-- TCD -->
  <testcase classname="study_TestNG_Keywords.Enabled_Study" name="TCB">
    <skipped/>
  </testcase> <!-- TCB -->
  <system-out>
    <![CDATA[TC A is Running
TC C is Running
TC D is Running
TC E is Running
TC F is Running]]>
  </system-out>
</testsuite> <!-- study_TestNG_Keywords.Enabled_Study -->
