<?xml version="1.0" encoding="UTF-8"?>
<!-- Generated by org.testng.reporters.JUnitReportReporter -->
<testsuite hostname="DESKTOP-GRELBTO" failures="0" tests="1" name="study_TestNG_Annotations.Annotations" time="0.021" errors="0" timestamp="2026-06-12T17:23:29 IST" skipped="0">
  <testcase classname="study_TestNG_Annotations.Annotations" name="TC1" time="0.021">
    <system-out>
      <![CDATA[Validate The Username]]>
    </system-out>
  </testcase> <!-- TC1 -->
  <system-out>
    <![CDATA[Opening URL 
Logging In To Neostox
Validate The Username
Logging Out 
Closing The Browser]]>
  </system-out>
</testsuite> <!-- study_TestNG_Annotations.Annotations -->
