<?xml version="1.0" encoding="UTF-8"?>
<!-- Generated by org.testng.reporters.JUnitXMLReporter -->
<testsuite ignored="11" hostname="DESKTOP-GRELBTO" failures="0" tests="1" name="Test(failed)(failed)(failed)" time="0.128" errors="0" timestamp="2026-06-16T17:37:08 IST">
  <testcase classname="styudy_test_Suite.FailedTC" name="TCQ" time="0.027"/>
  <testcase classname="styudy_test_Suite.FailedTC" name="TCM" time="0.0">
    <ignored/>
  </testcase> <!-- TCM -->
  <testcase classname="styudy_test_Suite.FailedTC" name="TCW" time="0.0">
    <ignored/>
  </testcase> <!-- TCW -->
  <testcase classname="styudy_test_Suite.FailedTC" name="TCG" time="0.0">
    <ignored/>
  </testcase> <!-- TCG -->
  <testcase classname="styudy_test_Suite.FailedTC" name="TCA" time="0.0">
    <ignored/>
  </testcase> <!-- TCA -->
  <testcase classname="styudy_test_Suite.FailedTC" name="TCB" time="0.0">
    <ignored/>
  </testcase> <!-- TCB -->
  <testcase classname="styudy_test_Suite.FailedTC" name="TCK" time="0.0">
    <ignored/>
  </testcase> <!-- TCK -->
  <testcase classname="styudy_test_Suite.FailedTC" name="TCE" time="0.0">
    <ignored/>
  </testcase> <!-- TCE -->
  <testcase classname="styudy_test_Suite.FailedTC" name="TCF" time="0.0">
    <ignored/>
  </testcase> <!-- TCF -->
  <testcase classname="styudy_test_Suite.FailedTC" name="TCC" time="0.0">
    <ignored/>
  </testcase> <!-- TCC -->
  <testcase classname="styudy_test_Suite.FailedTC" name="TCD" time="0.0">
    <ignored/>
  </testcase> <!-- TCD -->
  <testcase classname="styudy_test_Suite.FailedTC" name="TCT" time="0.0">
    <ignored/>
  </testcase> <!-- TCT -->
</testsuite> <!-- Test(failed)(failed)(failed) -->
